{"C:\\Users\\wildf\\Documents\\revature\\activities\\grocerylist-http\\src\\app.js": {"path":"C:\\Users\\wildf\\Documents\\revature\\activities\\grocerylist-http\\src\\app.js","statementMap":{"0":{"start":{"line":3,"column":13},"end":{"line":3,"column":28}},"1":{"start":{"line":4,"column":13},"end":{"line":4,"column":17}},"2":{"start":{"line":5,"column":85},"end":{"line":5,"column":113}},"3":{"start":{"line":9,"column":15},"end":{"line":30,"column":2}},"4":{"start":{"line":14,"column":4},"end":{"line":29,"column":5}},"5":{"start":{"line":15,"column":8},"end":{"line":15,"column":32}},"6":{"start":{"line":17,"column":9},"end":{"line":29,"column":5}},"7":{"start":{"line":19,"column":8},"end":{"line":19,"column":32}},"8":{"start":{"line":21,"column":9},"end":{"line":29,"column":5}},"9":{"start":{"line":22,"column":8},"end":{"line":22,"column":33}},"10":{"start":{"line":24,"column":9},"end":{"line":29,"column":5}},"11":{"start":{"line":25,"column":8},"end":{"line":25,"column":35}},"12":{"start":{"line":28,"column":8},"end":{"line":28,"column":23}},"13":{"start":{"line":34,"column":0},"end":{"line":36,"column":2}},"14":{"start":{"line":35,"column":4},"end":{"line":35,"column":72}}},"fnMap":{"0":{"name":"(anonymous_0)","decl":{"start":{"line":9,"column":33},"end":{"line":9,"column":34}},"loc":{"start":{"line":9,"column":47},"end":{"line":30,"column":1}},"line":9},"1":{"name":"(anonymous_1)","decl":{"start":{"line":34,"column":20},"end":{"line":34,"column":21}},"loc":{"start":{"line":34,"column":26},"end":{"line":36,"column":1}},"line":34}},"branchMap":{"0":{"loc":{"start":{"line":14,"column":4},"end":{"line":29,"column":5}},"type":"if","locations":[{"start":{"line":14,"column":4},"end":{"line":29,"column":5}},{"start":{"line":17,"column":9},"end":{"line":29,"column":5}}],"line":14},"1":{"loc":{"start":{"line":14,"column":8},"end":{"line":14,"column":62}},"type":"binary-expr","locations":[{"start":{"line":14,"column":8},"end":{"line":14,"column":28}},{"start":{"line":14,"column":32},"end":{"line":14,"column":62}}],"line":14},"2":{"loc":{"start":{"line":17,"column":9},"end":{"line":29,"column":5}},"type":"if","locations":[{"start":{"line":17,"column":9},"end":{"line":29,"column":5}},{"start":{"line":21,"column":9},"end":{"line":29,"column":5}}],"line":17},"3":{"loc":{"start":{"line":17,"column":12},"end":{"line":17,"column":63}},"type":"binary-expr","locations":[{"start":{"line":17,"column":12},"end":{"line":17,"column":33}},{"start":{"line":17,"column":37},"end":{"line":17,"column":63}}],"line":17},"4":{"loc":{"start":{"line":21,"column":9},"end":{"line":29,"column":5}},"type":"if","locations":[{"start":{"line":21,"column":9},"end":{"line":29,"column":5}},{"start":{"line":24,"column":9},"end":{"line":29,"column":5}}],"line":21},"5":{"loc":{"start":{"line":21,"column":12},"end":{"line":21,"column":63}},"type":"binary-expr","locations":[{"start":{"line":21,"column":12},"end":{"line":21,"column":32}},{"start":{"line":21,"column":36},"end":{"line":21,"column":63}}],"line":21},"6":{"loc":{"start":{"line":24,"column":9},"end":{"line":29,"column":5}},"type":"if","locations":[{"start":{"line":24,"column":9},"end":{"line":29,"column":5}},{"start":{"line":27,"column":8},"end":{"line":29,"column":5}}],"line":24}},"s":{"0":0,"1":0,"2":0,"3":0,"4":0,"5":0,"6":0,"7":0,"8":0,"9":0,"10":0,"11":0,"12":0,"13":0,"14":0},"f":{"0":0,"1":0},"b":{"0":[0,0],"1":[0,0],"2":[0,0],"3":[0,0],"4":[0,0],"5":[0,0],"6":[0,0]}}
,"C:\\Users\\wildf\\Documents\\revature\\activities\\grocerylist-http\\src\\groceryCommands.js": {"path":"C:\\Users\\wildf\\Documents\\revature\\activities\\grocerylist-http\\src\\groceryCommands.js","statementMap":{"0":{"start":{"line":2,"column":20},"end":{"line":2,"column":22}},"1":{"start":{"line":4,"column":11},"end":{"line":4,"column":38}},"2":{"start":{"line":9,"column":15},"end":{"line":9,"column":26}},"3":{"start":{"line":11,"column":4},"end":{"line":11,"column":16}},"4":{"start":{"line":16,"column":4},"end":{"line":16,"column":34}},"5":{"start":{"line":20,"column":4},"end":{"line":20,"column":46}},"6":{"start":{"line":25,"column":24},"end":{"line":25,"column":51}},"7":{"start":{"line":26,"column":4},"end":{"line":26,"column":26}},"8":{"start":{"line":30,"column":4},"end":{"line":30,"column":26}},"9":{"start":{"line":33,"column":0},"end":{"line":33,"column":97}}},"fnMap":{"0":{"name":"getGroceryList","decl":{"start":{"line":7,"column":9},"end":{"line":7,"column":23}},"loc":{"start":{"line":7,"column":25},"end":{"line":12,"column":1}},"line":7},"1":{"name":"addGroceryItem","decl":{"start":{"line":15,"column":9},"end":{"line":15,"column":23}},"loc":{"start":{"line":15,"column":36},"end":{"line":17,"column":1}},"line":15},"2":{"name":"editGroceryItem","decl":{"start":{"line":19,"column":9},"end":{"line":19,"column":24}},"loc":{"start":{"line":19,"column":37},"end":{"line":21,"column":1}},"line":19},"3":{"name":"deleteGroceryItem","decl":{"start":{"line":23,"column":9},"end":{"line":23,"column":26}},"loc":{"start":{"line":23,"column":33},"end":{"line":27,"column":1}},"line":23},"4":{"name":"resetList","decl":{"start":{"line":29,"column":9},"end":{"line":29,"column":18}},"loc":{"start":{"line":29,"column":20},"end":{"line":31,"column":1}},"line":29}},"branchMap":{},"s":{"0":2,"1":2,"2":5,"3":5,"4":4,"5":1,"6":1,"7":1,"8":5,"9":2},"f":{"0":5,"1":4,"2":1,"3":1,"4":5},"b":{},"_coverageSchema":"1a1c01bbd47fc00a2c39e90264f33305004495a9","hash":"946ed67111f2dd6359a31835d8d9fa5642c044e6"}
,"C:\\Users\\wildf\\Documents\\revature\\activities\\grocerylist-http\\src\\logger.js": {"path":"C:\\Users\\wildf\\Documents\\revature\\activities\\grocerylist-http\\src\\logger.js","statementMap":{"0":{"start":{"line":2,"column":44},"end":{"line":2,"column":62}},"1":{"start":{"line":5,"column":15},"end":{"line":17,"column":2}},"2":{"start":{"line":10,"column":12},"end":{"line":10,"column":57}},"3":{"start":{"line":20,"column":0},"end":{"line":26,"column":2}},"4":{"start":{"line":21,"column":4},"end":{"line":21,"column":47}},"5":{"start":{"line":23,"column":4},"end":{"line":25,"column":6}},"6":{"start":{"line":24,"column":8},"end":{"line":24,"column":24}},"7":{"start":{"line":29,"column":0},"end":{"line":29,"column":24}}},"fnMap":{"0":{"name":"(anonymous_0)","decl":{"start":{"line":9,"column":22},"end":{"line":9,"column":23}},"loc":{"start":{"line":9,"column":55},"end":{"line":11,"column":9}},"line":9},"1":{"name":"(anonymous_1)","decl":{"start":{"line":20,"column":32},"end":{"line":20,"column":33}},"loc":{"start":{"line":20,"column":43},"end":{"line":26,"column":1}},"line":20},"2":{"name":"(anonymous_2)","decl":{"start":{"line":23,"column":24},"end":{"line":23,"column":25}},"loc":{"start":{"line":23,"column":30},"end":{"line":25,"column":5}},"line":23}},"branchMap":{},"s":{"0":2,"1":2,"2":0,"3":2,"4":0,"5":0,"6":0,"7":2},"f":{"0":0,"1":0,"2":0},"b":{},"_coverageSchema":"1a1c01bbd47fc00a2c39e90264f33305004495a9","hash":"a2ae26a8e3ba5d3047a4536e3e6a7738a9ff2bba"}
,"C:\\Users\\wildf\\Documents\\revature\\activities\\grocerylist-http\\src\\service.js": {"path":"C:\\Users\\wildf\\Documents\\revature\\activities\\grocerylist-http\\src\\service.js","statementMap":{"0":{"start":{"line":2,"column":12},"end":{"line":2,"column":31}},"1":{"start":{"line":3,"column":13},"end":{"line":3,"column":17}},"2":{"start":{"line":4,"column":78},"end":{"line":4,"column":111}},"3":{"start":{"line":5,"column":11},"end":{"line":5,"column":38}},"4":{"start":{"line":12,"column":4},"end":{"line":12,"column":62}},"5":{"start":{"line":14,"column":15},"end":{"line":14,"column":31}},"6":{"start":{"line":16,"column":4},"end":{"line":16,"column":34}},"7":{"start":{"line":18,"column":4},"end":{"line":18,"column":18}},"8":{"start":{"line":19,"column":4},"end":{"line":19,"column":51}},"9":{"start":{"line":25,"column":15},"end":{"line":25,"column":17}},"10":{"start":{"line":26,"column":8},"end":{"line":28,"column":11}},"11":{"start":{"line":27,"column":12},"end":{"line":27,"column":25}},"12":{"start":{"line":30,"column":8},"end":{"line":41,"column":11}},"13":{"start":{"line":31,"column":33},"end":{"line":31,"column":49}},"14":{"start":{"line":34,"column":12},"end":{"line":34,"column":79}},"15":{"start":{"line":37,"column":12},"end":{"line":37,"column":40}},"16":{"start":{"line":39,"column":12},"end":{"line":39,"column":69}},"17":{"start":{"line":40,"column":12},"end":{"line":40,"column":80}},"18":{"start":{"line":46,"column":15},"end":{"line":46,"column":17}},"19":{"start":{"line":47,"column":4},"end":{"line":49,"column":7}},"20":{"start":{"line":48,"column":8},"end":{"line":48,"column":22}},"21":{"start":{"line":51,"column":4},"end":{"line":58,"column":7}},"22":{"start":{"line":52,"column":28},"end":{"line":52,"column":44}},"23":{"start":{"line":53,"column":8},"end":{"line":53,"column":37}},"24":{"start":{"line":55,"column":8},"end":{"line":55,"column":72}},"25":{"start":{"line":56,"column":8},"end":{"line":56,"column":65}},"26":{"start":{"line":57,"column":8},"end":{"line":57,"column":77}},"27":{"start":{"line":62,"column":23},"end":{"line":62,"column":47}},"28":{"start":{"line":64,"column":8},"end":{"line":64,"column":61}},"29":{"start":{"line":66,"column":8},"end":{"line":66,"column":52}},"30":{"start":{"line":68,"column":8},"end":{"line":68,"column":71}},"31":{"start":{"line":69,"column":8},"end":{"line":69,"column":65}},"32":{"start":{"line":70,"column":8},"end":{"line":70,"column":77}},"33":{"start":{"line":75,"column":4},"end":{"line":75,"column":55}},"34":{"start":{"line":76,"column":8},"end":{"line":76,"column":39}},"35":{"start":{"line":77,"column":8},"end":{"line":77,"column":29}},"36":{"start":{"line":81,"column":4},"end":{"line":81,"column":26}},"37":{"start":{"line":84,"column":0},"end":{"line":84,"column":104}}},"fnMap":{"0":{"name":"serviceGetList","decl":{"start":{"line":10,"column":9},"end":{"line":10,"column":23}},"loc":{"start":{"line":10,"column":33},"end":{"line":21,"column":1}},"line":10},"1":{"name":"serviceAddItem","decl":{"start":{"line":23,"column":9},"end":{"line":23,"column":23}},"loc":{"start":{"line":23,"column":32},"end":{"line":42,"column":1}},"line":23},"2":{"name":"(anonymous_2)","decl":{"start":{"line":26,"column":23},"end":{"line":26,"column":24}},"loc":{"start":{"line":26,"column":34},"end":{"line":28,"column":9}},"line":26},"3":{"name":"(anonymous_3)","decl":{"start":{"line":30,"column":22},"end":{"line":30,"column":23}},"loc":{"start":{"line":30,"column":27},"end":{"line":41,"column":9}},"line":30},"4":{"name":"serviceEditItem","decl":{"start":{"line":44,"column":9},"end":{"line":44,"column":24}},"loc":{"start":{"line":44,"column":33},"end":{"line":59,"column":1}},"line":44},"5":{"name":"(anonymous_5)","decl":{"start":{"line":47,"column":19},"end":{"line":47,"column":20}},"loc":{"start":{"line":47,"column":30},"end":{"line":49,"column":5}},"line":47},"6":{"name":"(anonymous_6)","decl":{"start":{"line":51,"column":18},"end":{"line":51,"column":19}},"loc":{"start":{"line":51,"column":24},"end":{"line":58,"column":5}},"line":51},"7":{"name":"serviceDeleteItem","decl":{"start":{"line":61,"column":9},"end":{"line":61,"column":26}},"loc":{"start":{"line":61,"column":35},"end":{"line":72,"column":1}},"line":61},"8":{"name":"noAPI","decl":{"start":{"line":74,"column":9},"end":{"line":74,"column":14}},"loc":{"start":{"line":74,"column":23},"end":{"line":79,"column":1}},"line":74},"9":{"name":"resetList","decl":{"start":{"line":80,"column":9},"end":{"line":80,"column":18}},"loc":{"start":{"line":80,"column":20},"end":{"line":82,"column":1}},"line":80}},"branchMap":{},"s":{"0":1,"1":1,"2":1,"3":1,"4":0,"5":0,"6":0,"7":0,"8":0,"9":0,"10":0,"11":0,"12":0,"13":0,"14":0,"15":0,"16":0,"17":0,"18":0,"19":0,"20":0,"21":0,"22":0,"23":0,"24":0,"25":0,"26":0,"27":0,"28":0,"29":0,"30":0,"31":0,"32":0,"33":0,"34":0,"35":0,"36":0,"37":1},"f":{"0":0,"1":0,"2":0,"3":0,"4":0,"5":0,"6":0,"7":0,"8":0,"9":0},"b":{},"_coverageSchema":"1a1c01bbd47fc00a2c39e90264f33305004495a9","hash":"60ea0cc2c1bcce2400998905f44a60377548960c"}
}
