TN:
SF:src\app.js
FN:9,(anonymous_0)
FN:34,(anonymous_1)
FNF:2
FNH:0
FNDA:0,(anonymous_0)
FNDA:0,(anonymous_1)
DA:3,0
DA:4,0
DA:5,0
DA:9,0
DA:14,0
DA:15,0
DA:17,0
DA:19,0
DA:21,0
DA:22,0
DA:24,0
DA:25,0
DA:28,0
DA:34,0
DA:35,0
LF:15
LH:0
BRDA:14,0,0,0
BRDA:14,0,1,0
BRDA:14,1,0,0
BRDA:14,1,1,0
BRDA:17,2,0,0
BRDA:17,2,1,0
BRDA:17,3,0,0
BRDA:17,3,1,0
BRDA:21,4,0,0
BRDA:21,4,1,0
BRDA:21,5,0,0
BRDA:21,5,1,0
BRDA:24,6,0,0
BRDA:24,6,1,0
BRF:14
BRH:0
end_of_record
TN:
SF:src\groceryCommands.js
FN:7,getGroceryList
FN:15,addGroceryItem
FN:19,editGroceryItem
FN:23,deleteGroceryItem
FN:29,resetList
FNF:5
FNH:5
FNDA:5,getGroceryList
FNDA:4,addGroceryItem
FNDA:1,editGroceryItem
FNDA:1,deleteGroceryItem
FNDA:5,resetList
DA:2,2
DA:4,2
DA:9,5
DA:11,5
DA:16,4
DA:20,1
DA:25,1
DA:26,1
DA:30,5
DA:33,2
LF:10
LH:10
BRF:0
BRH:0
end_of_record
TN:
SF:src\logger.js
FN:9,(anonymous_0)
FN:20,(anonymous_1)
FN:23,(anonymous_2)
FNF:3
FNH:0
FNDA:0,(anonymous_0)
FNDA:0,(anonymous_1)
FNDA:0,(anonymous_2)
DA:2,2
DA:5,2
DA:10,0
DA:20,2
DA:21,0
DA:23,0
DA:24,0
DA:29,2
LF:8
LH:4
BRF:0
BRH:0
end_of_record
TN:
SF:src\service.js
FN:10,serviceGetList
FN:23,serviceAddItem
FN:26,(anonymous_2)
FN:30,(anonymous_3)
FN:44,serviceEditItem
FN:47,(anonymous_5)
FN:51,(anonymous_6)
FN:61,serviceDeleteItem
FN:74,noAPI
FN:80,resetList
FNF:10
FNH:0
FNDA:0,serviceGetList
FNDA:0,serviceAddItem
FNDA:0,(anonymous_2)
FNDA:0,(anonymous_3)
FNDA:0,serviceEditItem
FNDA:0,(anonymous_5)
FNDA:0,(anonymous_6)
FNDA:0,serviceDeleteItem
FNDA:0,noAPI
FNDA:0,resetList
DA:2,1
DA:3,1
DA:4,1
DA:5,1
DA:12,0
DA:14,0
DA:16,0
DA:18,0
DA:19,0
DA:25,0
DA:26,0
DA:27,0
DA:30,0
DA:31,0
DA:34,0
DA:37,0
DA:39,0
DA:40,0
DA:46,0
DA:47,0
DA:48,0
DA:51,0
DA:52,0
DA:53,0
DA:55,0
DA:56,0
DA:57,0
DA:62,0
DA:64,0
DA:66,0
DA:68,0
DA:69,0
DA:70,0
DA:75,0
DA:76,0
DA:77,0
DA:81,0
DA:84,1
LF:38
LH:5
BRF:0
BRH:0
end_of_record
